0 info it worked if it ends with ok
1 verbose cli [ 'node', '/usr/local/bin/npm', 'install', 'coffee_script' ]
2 info using npm@1.4.28
3 info using node@v0.10.33
4 verbose readDependencies using package.json deps
5 verbose cache add [ 'coffee_script', null ]
6 verbose cache add name=undefined spec="coffee_script" args=["coffee_script",null]
7 verbose parsed url { protocol: null,
7 verbose parsed url   slashes: null,
7 verbose parsed url   auth: null,
7 verbose parsed url   host: null,
7 verbose parsed url   port: null,
7 verbose parsed url   hostname: null,
7 verbose parsed url   hash: null,
7 verbose parsed url   search: null,
7 verbose parsed url   query: null,
7 verbose parsed url   pathname: 'coffee_script',
7 verbose parsed url   path: 'coffee_script',
7 verbose parsed url   href: 'coffee_script' }
8 silly lockFile 8154bf6c-coffee-script coffee_script
9 verbose lock coffee_script /Users/Frederick/.npm/8154bf6c-coffee-script.lock
10 silly lockFile 8154bf6c-coffee-script coffee_script
11 silly lockFile 8154bf6c-coffee-script coffee_script
12 verbose addNamed [ 'coffee_script', '' ]
13 verbose addNamed [ null, '*' ]
14 silly lockFile 36be9f2f-coffee-script coffee_script@
15 verbose lock coffee_script@ /Users/Frederick/.npm/36be9f2f-coffee-script.lock
16 silly addNameRange { name: 'coffee_script', range: '*', hasData: false }
17 verbose request where is /coffee_script
18 verbose request registry https://registry.npmjs.org/
19 verbose request id bf18287da813b9de
20 verbose url raw /coffee_script
21 verbose url resolving [ 'https://registry.npmjs.org/', './coffee_script' ]
22 verbose url resolved https://registry.npmjs.org/coffee_script
23 verbose request where is https://registry.npmjs.org/coffee_script
24 info trying registry request attempt 1 at 00:15:38
25 http GET https://registry.npmjs.org/coffee_script
26 http 404 https://registry.npmjs.org/coffee_script
27 verbose headers { date: 'Wed, 21 Jan 2015 08:15:39 GMT',
27 verbose headers   server: 'CouchDB/1.5.0 (Erlang OTP/R16B03)',
27 verbose headers   'content-type': 'application/json',
27 verbose headers   'cache-control': 'max-age=0',
27 verbose headers   'content-length': '52',
27 verbose headers   'accept-ranges': 'bytes',
27 verbose headers   via: '1.1 varnish',
27 verbose headers   age: '0',
27 verbose headers   'x-served-by': 'cache-lax1421-LAX',
27 verbose headers   'x-cache': 'MISS',
27 verbose headers   'x-cache-hits': '0',
27 verbose headers   'x-timer': 'S1421828139.717699,VS0,VE74',
27 verbose headers   'keep-alive': 'timeout=10, max=50',
27 verbose headers   connection: 'Keep-Alive' }
28 silly registry.get cb [ 404,
28 silly registry.get   { date: 'Wed, 21 Jan 2015 08:15:39 GMT',
28 silly registry.get     server: 'CouchDB/1.5.0 (Erlang OTP/R16B03)',
28 silly registry.get     'content-type': 'application/json',
28 silly registry.get     'cache-control': 'max-age=0',
28 silly registry.get     'content-length': '52',
28 silly registry.get     'accept-ranges': 'bytes',
28 silly registry.get     via: '1.1 varnish',
28 silly registry.get     age: '0',
28 silly registry.get     'x-served-by': 'cache-lax1421-LAX',
28 silly registry.get     'x-cache': 'MISS',
28 silly registry.get     'x-cache-hits': '0',
28 silly registry.get     'x-timer': 'S1421828139.717699,VS0,VE74',
28 silly registry.get     'keep-alive': 'timeout=10, max=50',
28 silly registry.get     connection: 'Keep-Alive' } ]
29 silly lockFile 36be9f2f-coffee-script coffee_script@
30 silly lockFile 36be9f2f-coffee-script coffee_script@
31 error 404 404 Not Found: coffee_script
31 error 404
31 error 404 'coffee_script' is not in the npm registry.
31 error 404 You should bug the author to publish it
31 error 404 It was specified as a dependency of 'angular-seed'
31 error 404
31 error 404 Note that you can also install from a
31 error 404 tarball, folder, or http url, or git url.
32 error System Darwin 14.0.0
33 error command "node" "/usr/local/bin/npm" "install" "coffee_script"
34 error cwd /Users/Frederick/projects/customer_projects/ng-pubnub-ds
35 error node -v v0.10.33
36 error npm -v 1.4.28
37 error code E404
38 verbose exit [ 1, true ]
